reading matrix (pre2)
... symmetric = false
... number of rows (equal to columns) = 659033
... number of non-zeros (pattern entries) = 5959282
... elapsed time = 3.72928s
... memory usage = 111828 kb
initializing (mumps)

Entering DMUMPS 5.3.5 from C interface with JOB, N =   1      659033
      executing #MPI =      1 and #OMP =      1

 =================================================
 MUMPS compiled with option -DBLR_MT
 This MUMPS version includes code for SAVE_RESTORE
 This MUMPS version includes code for DIST_RHS
 =================================================
L U Solver for unsymmetric matrices
Type of parallelism: Working host

 ****** ANALYSIS STEP ********

 ... Structural symmetry (in percent)=   36
 Average density of rows/columns =   14
 Ordering based on AMF 

Leaving analysis phase with  ...
 INFOG(1)                                       =               0
 INFOG(2)                                       =               0
 -- (20) Number of entries in factors (estim.)  =       328819045
 --  (3) Real space for factors    (estimated)  =       328819045
 --  (4) Integer space for factors (estimated)  =        10447269
 --  (5) Maximum frontal size      (estimated)  =            2954
 --  (6) Number of nodes in the tree            =          214085
 -- (32) Type of analysis effectively used      =               1
 --  (7) Ordering option effectively used       =               2
 ICNTL(6) Maximum transversal option            =               0
 ICNTL(7) Pivot order option                    =               2
 ICNTL(14) Percentage of memory relaxation      =             100
 Number of level 2 nodes                        =               0
 Number of split nodes                          =               0
 RINFOG(1) Operations during elimination (estim)= 3.628D+11
 Distributed matrix entry format (ICNTL(18))    =               3

 MEMORY ESTIMATIONS ... 
 Estimations with standard Full-Rank (FR) factorization:
    Total space in MBytes, IC factorization      (INFOG(17)):        5519
    Total space in MBytes,  OOC factorization    (INFOG(27)):         509

 Elapsed time in analysis driver=       1.6975
... elapsed time = 1.69794s
... memory usage = 220040 kb
factorizing (mumps)

Entering DMUMPS 5.3.5 from C interface with JOB, N =   2      659033
      executing #MPI =      1 and #OMP =      1



****** FACTORIZATION STEP ********

 GLOBAL STATISTICS PRIOR NUMERICAL FACTORIZATION ...
 Number of working processes                =               1
 ICNTL(22) Out-of-core option               =               0
 ICNTL(35) BLR activation (eff. choice)     =               0
 ICNTL(14) Memory relaxation                =             100
 INFOG(3) Real space for factors (estimated)=       328819045
 INFOG(4) Integer space for factors (estim.)=        10447269
 Maximum frontal size (estimated)           =            2954
 Number of nodes in the tree                =          214085
 Memory allowed (MB -- 0: N/A )             =           30000
 Memory provided by user, sum of LWK_USER   =               0
 Relative threshold for pivoting, CNTL(1)   =      0.1000D-01
 Max difference from 1 after scaling the entries for ONE-NORM (option 7/8)   = 0.12D+01
 Effective size of S     (based on INFO(39))=           2189953821

 Redistrib: total data local/sent           =         5959282               0

 Elapsed time to reformat/distribute matrix =      0.1133

 ** Memory allocated, total in Mbytes           (INFOG(19)):       17760
 ** Memory effectively used, total in Mbytes    (INFOG(22)):        5935

 Elapsed time for factorization             =    102.6392

Leaving factorization with ...
 RINFOG(2)  Operations in node assembly     = 8.124D+08
 ------(3)  Operations in node elimination  = 1.495D+12
 ICNTL (8)  Scaling effectively used        =               7
 INFOG (9)  Real space for factors          =       705162837
 INFOG(10)  Integer space for factors       =        11137601
 INFOG(11)  Maximum front size              =            5132
 INFOG(29)  Number of entries in factors    =       705162837
 INFOG(12)  Number of off diagonal pivots   =          418901
 INFOG(13)  Number of delayed pivots        =          345166
 INFOG(14)  Number of memory compress       =               0

 Elapsed time in factorization driver=     102.8279
... elapsed time = 102.828s
... memory usage = 5958816 kb
solving (mumps)

Entering DMUMPS 5.3.5 from C interface with JOB, N =   3      659033
      executing #MPI =      1 and #OMP =      1



 ****** SOLVE & CHECK STEP ********

 GLOBAL STATISTICS PRIOR SOLVE PHASE ...........
 Number of right-hand-sides                    =           1
 Blocking factor for multiple rhs              =           1
 ICNTL (9)                                     =           1
  --- (10)                                     =           0
  --- (11)                                     =           0
  --- (20)                                     =           0
  --- (21)                                     =           0
  --- (30)                                     =           0
  --- (35)                                     =           0
 ** Space in MBYTES used for solve                        :     17774

 Leaving solve with ...
 Time to build/scatter RHS        =       0.007099
 Time in solution step (fwd/bwd)  =       1.133587
  .. Time in forward (fwd) step   =          0.690092
  .. Time in backward (bwd) step  =          0.443492
 Time to gather solution(cent.sol)=       0.001452
 Time to copy/scale dist. solution=       0.000000

 Elapsed time in solve driver=       1.1483
... elapsed time = 1.14977s
... memory usage = 5958816 kb
